<?xml version="1.0" encoding="UTF-8"?>
<testng-results skipped="0" failed="1" ignored="0" total="2" passed="1">
  <reporter-output>
  </reporter-output>
  <suite name="Default suite" duration-ms="49" started-at="2022-12-17T16:36:45 IST" finished-at="2022-12-17T16:36:45 IST">
    <groups>
    </groups>
    <test name="Default test" duration-ms="49" started-at="2022-12-17T16:36:45 IST" finished-at="2022-12-17T16:36:45 IST">
      <class name="com.paramedutech.project.TestNGAnnotation">
        <test-method status="PASS" signature="beforSuite()[pri:0, instance:com.paramedutech.project.TestNGAnnotation@28ac3dc3]" name="beforSuite" is-config="true" duration-ms="15" started-at="2022-12-17T16:36:45 IST" finished-at="2022-12-17T16:36:45 IST">
          <reporter-output>
          </reporter-output>
        </test-method> <!-- beforSuite -->
        <test-method status="PASS" signature="beforeTestPlan()[pri:0, instance:com.paramedutech.project.TestNGAnnotation@28ac3dc3]" name="beforeTestPlan" is-config="true" duration-ms="0" started-at="2022-12-17T16:36:45 IST" finished-at="2022-12-17T16:36:45 IST">
          <reporter-output>
          </reporter-output>
        </test-method> <!-- beforeTestPlan -->
        <test-method status="PASS" signature="beforeClass()[pri:0, instance:com.paramedutech.project.TestNGAnnotation@28ac3dc3]" name="beforeClass" is-config="true" duration-ms="0" started-at="2022-12-17T16:36:45 IST" finished-at="2022-12-17T16:36:45 IST">
          <reporter-output>
          </reporter-output>
        </test-method> <!-- beforeClass -->
        <test-method status="FAIL" signature="verifyLogin()[pri:0, instance:com.paramedutech.project.TestNGAnnotation@28ac3dc3]" name="verifyLogin" duration-ms="16" started-at="2022-12-17T16:36:45 IST" finished-at="2022-12-17T16:36:45 IST">
          <exception class="java.lang.Error">
            <message>
              <![CDATA[Unresolved compilation problem: 
]]>
            </message>
            <full-stacktrace>
              <![CDATA[java.lang.Error: Unresolved compilation problem: 

at com.paramedutech.project.Utility.getDriver(Utility.java:20)
at com.paramedutech.project.TestNGAnnotation.verifyLogin(TestNGAnnotation.java:20)
at sun.reflect.NativeMethodAccessorImpl.invoke0(Native Method)
at sun.reflect.NativeMethodAccessorImpl.invoke(NativeMethodAccessorImpl.java:62)
at sun.reflect.DelegatingMethodAccessorImpl.invoke(DelegatingMethodAccessorImpl.java:43)
at java.lang.reflect.Method.invoke(Method.java:498)
at org.testng.internal.MethodInvocationHelper.invokeMethod(MethodInvocationHelper.java:133)
at org.testng.internal.TestInvoker.invokeMethod(TestInvoker.java:598)
at org.testng.internal.TestInvoker.invokeTestMethod(TestInvoker.java:173)
at org.testng.internal.MethodRunner.runInSequence(MethodRunner.java:46)
at org.testng.internal.TestInvoker$MethodInvocationAgent.invoke(TestInvoker.java:824)
at org.testng.internal.TestInvoker.invokeTestMethods(TestInvoker.java:146)
at org.testng.internal.TestMethodWorker.invokeTestMethods(TestMethodWorker.java:146)
at org.testng.internal.TestMethodWorker.run(TestMethodWorker.java:128)
at java.util.ArrayList.forEach(ArrayList.java:1259)
at org.testng.TestRunner.privateRun(TestRunner.java:794)
at org.testng.TestRunner.run(TestRunner.java:596)
at org.testng.SuiteRunner.runTest(SuiteRunner.java:377)
at org.testng.SuiteRunner.runSequentially(SuiteRunner.java:371)
at org.testng.SuiteRunner.privateRun(SuiteRunner.java:332)
at org.testng.SuiteRunner.run(SuiteRunner.java:276)
at org.testng.SuiteRunnerWorker.runSuite(SuiteRunnerWorker.java:53)
at org.testng.SuiteRunnerWorker.run(SuiteRunnerWorker.java:96)
at org.testng.TestNG.runSuitesSequentially(TestNG.java:1212)
at org.testng.TestNG.runSuitesLocally(TestNG.java:1134)
at org.testng.TestNG.runSuites(TestNG.java:1063)
at org.testng.TestNG.run(TestNG.java:1031)
at org.testng.remote.AbstractRemoteTestNG.run(AbstractRemoteTestNG.java:115)
at org.testng.remote.RemoteTestNG.initAndRun(RemoteTestNG.java:251)
at org.testng.remote.RemoteTestNG.main(RemoteTestNG.java:77)
]]>
            </full-stacktrace>
          </exception> <!-- java.lang.Error -->
          <reporter-output>
          </reporter-output>
        </test-method> <!-- verifyLogin -->
        <test-method status="PASS" signature="beforeMethod()[pri:0, instance:com.paramedutech.project.TestNGAnnotation@28ac3dc3]" name="beforeMethod" is-config="true" duration-ms="0" started-at="2022-12-17T16:36:45 IST" finished-at="2022-12-17T16:36:45 IST">
          <reporter-output>
          </reporter-output>
        </test-method> <!-- beforeMethod -->
        <test-method status="PASS" signature="afterMethod()[pri:0, instance:com.paramedutech.project.TestNGAnnotation@28ac3dc3]" name="afterMethod" is-config="true" duration-ms="16" started-at="2022-12-17T16:36:45 IST" finished-at="2022-12-17T16:36:45 IST">
          <reporter-output>
          </reporter-output>
        </test-method> <!-- afterMethod -->
        <test-method status="PASS" signature="afterClass()[pri:0, instance:com.paramedutech.project.TestNGAnnotation@28ac3dc3]" name="afterClass" is-config="true" duration-ms="0" started-at="2022-12-17T16:36:45 IST" finished-at="2022-12-17T16:36:45 IST">
          <reporter-output>
          </reporter-output>
        </test-method> <!-- afterClass -->
        <test-method status="PASS" signature="afterTest()[pri:0, instance:com.paramedutech.project.TestNGAnnotation@28ac3dc3]" name="afterTest" is-config="true" duration-ms="0" started-at="2022-12-17T16:36:45 IST" finished-at="2022-12-17T16:36:45 IST">
          <reporter-output>
          </reporter-output>
        </test-method> <!-- afterTest -->
        <test-method status="PASS" signature="verifyLogin1()[pri:0, instance:com.paramedutech.project.TestNGAnnotation@28ac3dc3]" name="verifyLogin1" duration-ms="0" started-at="2022-12-17T16:36:45 IST" finished-at="2022-12-17T16:36:45 IST">
          <reporter-output>
          </reporter-output>
        </test-method> <!-- verifyLogin1 -->
        <test-method status="PASS" signature="beforeMethod()[pri:0, instance:com.paramedutech.project.TestNGAnnotation@28ac3dc3]" name="beforeMethod" is-config="true" duration-ms="0" started-at="2022-12-17T16:36:45 IST" finished-at="2022-12-17T16:36:45 IST">
          <reporter-output>
          </reporter-output>
        </test-method> <!-- beforeMethod -->
        <test-method status="PASS" signature="afterMethod()[pri:0, instance:com.paramedutech.project.TestNGAnnotation@28ac3dc3]" name="afterMethod" is-config="true" duration-ms="0" started-at="2022-12-17T16:36:45 IST" finished-at="2022-12-17T16:36:45 IST">
          <reporter-output>
          </reporter-output>
        </test-method> <!-- afterMethod -->
        <test-method status="PASS" signature="afterSuite()[pri:0, instance:com.paramedutech.project.TestNGAnnotation@28ac3dc3]" name="afterSuite" is-config="true" duration-ms="0" started-at="2022-12-17T16:36:45 IST" finished-at="2022-12-17T16:36:45 IST">
          <reporter-output>
          </reporter-output>
        </test-method> <!-- afterSuite -->
      </class> <!-- com.paramedutech.project.TestNGAnnotation -->
    </test> <!-- Default test -->
  </suite> <!-- Default suite -->
</testng-results>
